INFO  02:00:12 Application started. Press Ctrl+C to shut down.
INFO  02:00:12 Application started. Press Ctrl+C to shut down.
INFO  02:00:12 Hosting environment: Development
INFO  02:00:12 Hosting environment: Development
INFO  02:00:12 Content root path: E:\Cognizant Post Joining\Smulation Project\FurnitureBillingAPI\FurnitureBillingAPI
INFO  02:00:12 Content root path: E:\Cognizant Post Joining\Smulation Project\FurnitureBillingAPI\FurnitureBillingAPI
INFO  02:01:26 Post method is called!
INFO  02:02:03 Get by id is called!
INFO  02:02:04 Data of the id returned!
INFO  02:02:38 Post method is called!
INFO  02:02:43 Post method is called!
INFO  02:06:58 Post method is called!
INFO  02:07:36 Post method is called!
INFO  03:40:47 Application started. Press Ctrl+C to shut down.
INFO  03:40:47 Application started. Press Ctrl+C to shut down.
INFO  03:40:47 Hosting environment: Development
INFO  03:40:47 Hosting environment: Development
INFO  03:40:47 Content root path: E:\Cognizant Post Joining\Smulation Project\FurnitureBillingAPI\FurnitureBillingAPI
INFO  03:40:47 Content root path: E:\Cognizant Post Joining\Smulation Project\FurnitureBillingAPI\FurnitureBillingAPI
INFO  03:41:36 Post method is called!
INFO  03:41:44 Post method is called!
INFO  03:42:07 Get by id is called!
INFO  03:42:08 Data of the id returned!
