INFO  07:41:48 Application started. Press Ctrl+C to shut down.
INFO  07:41:48 Application started. Press Ctrl+C to shut down.
INFO  07:41:48 Hosting environment: Development
INFO  07:41:48 Hosting environment: Development
INFO  07:41:48 Content root path: E:\Cognizant Post Joining\Smulation Project\FurnitureDetailsAPI\FurnitureDetailsAPI
INFO  07:41:48 Content root path: E:\Cognizant Post Joining\Smulation Project\FurnitureDetailsAPI\FurnitureDetailsAPI
INFO  07:42:07 All Items Displayed!
INFO  11:36:08 Application started. Press Ctrl+C to shut down.
INFO  11:36:08 Application started. Press Ctrl+C to shut down.
INFO  11:36:08 Hosting environment: Development
INFO  11:36:08 Hosting environment: Development
INFO  11:36:08 Content root path: E:\Cognizant Post Joining\Smulation Project\FurnitureDetailsAPI\FurnitureDetailsAPI
INFO  11:36:08 Content root path: E:\Cognizant Post Joining\Smulation Project\FurnitureDetailsAPI\FurnitureDetailsAPI
INFO  11:39:13 All Items Displayed!
INFO  11:39:46 Get by id is called!
INFO  11:39:46 Data of the id returned!
INFO  04:16:54 Application started. Press Ctrl+C to shut down.
INFO  04:16:54 Application started. Press Ctrl+C to shut down.
INFO  04:16:54 Hosting environment: Development
INFO  04:16:54 Hosting environment: Development
INFO  04:16:54 Content root path: E:\Cognizant Post Joining\Smulation Project\FurnitureDetailsAPI\FurnitureDetailsAPI
INFO  04:16:54 Content root path: E:\Cognizant Post Joining\Smulation Project\FurnitureDetailsAPI\FurnitureDetailsAPI
INFO  12:38:47 Application started. Press Ctrl+C to shut down.
INFO  12:38:47 Application started. Press Ctrl+C to shut down.
INFO  12:38:47 Hosting environment: Development
INFO  12:38:47 Hosting environment: Development
INFO  12:38:47 Content root path: E:\Cognizant Post Joining\Smulation Project\FurnitureDetailsAPI\FurnitureDetailsAPI
INFO  12:38:47 Content root path: E:\Cognizant Post Joining\Smulation Project\FurnitureDetailsAPI\FurnitureDetailsAPI
INFO  12:38:49 All Items Displayed!
INFO  12:43:00 All Items Displayed!
INFO  12:44:16 All Items Displayed!
INFO  01:20:27 All Items Displayed!
INFO  01:20:34 All Items Displayed!
INFO  01:21:23 All Items Displayed!
INFO  01:21:32 All Items Displayed!
INFO  01:22:03 All Items Displayed!
INFO  07:49:33 Application started. Press Ctrl+C to shut down.
INFO  07:49:33 Application started. Press Ctrl+C to shut down.
INFO  07:49:33 Hosting environment: Development
INFO  07:49:33 Hosting environment: Development
INFO  07:49:33 Content root path: E:\Cognizant Post Joining\Smulation Project\FurnitureDetailsAPI\FurnitureDetailsAPI
INFO  07:49:33 Content root path: E:\Cognizant Post Joining\Smulation Project\FurnitureDetailsAPI\FurnitureDetailsAPI
INFO  07:49:35 All Items Displayed!
INFO  07:51:13 All Items Displayed!
INFO  07:55:23 All Items Displayed!
INFO  08:02:05 Application started. Press Ctrl+C to shut down.
INFO  08:02:05 Application started. Press Ctrl+C to shut down.
INFO  08:02:05 Hosting environment: Development
INFO  08:02:05 Hosting environment: Development
INFO  08:02:05 Content root path: E:\Cognizant Post Joining\Smulation Project\FurnitureDetailsAPI\FurnitureDetailsAPI
INFO  08:02:05 Content root path: E:\Cognizant Post Joining\Smulation Project\FurnitureDetailsAPI\FurnitureDetailsAPI
INFO  08:02:06 All Items Displayed!
INFO  08:36:19 Application started. Press Ctrl+C to shut down.
INFO  08:36:19 Application started. Press Ctrl+C to shut down.
INFO  08:36:19 Hosting environment: Development
INFO  08:36:19 Hosting environment: Development
INFO  08:36:19 Content root path: E:\Cognizant Post Joining\Smulation Project\FurnitureDetailsAPI\FurnitureDetailsAPI
INFO  08:36:19 Content root path: E:\Cognizant Post Joining\Smulation Project\FurnitureDetailsAPI\FurnitureDetailsAPI
INFO  08:39:15 Application started. Press Ctrl+C to shut down.
INFO  08:39:15 Application started. Press Ctrl+C to shut down.
INFO  08:39:15 Hosting environment: Development
INFO  08:39:15 Hosting environment: Development
INFO  08:39:15 Content root path: E:\Cognizant Post Joining\Smulation Project\FurnitureDetailsAPI\FurnitureDetailsAPI
INFO  08:39:15 Content root path: E:\Cognizant Post Joining\Smulation Project\FurnitureDetailsAPI\FurnitureDetailsAPI
INFO  08:39:17 All Items Displayed!
INFO  08:39:45 All Items Displayed!
INFO  06:46:11 Application started. Press Ctrl+C to shut down.
INFO  06:46:12 Application started. Press Ctrl+C to shut down.
INFO  06:46:12 Hosting environment: Development
INFO  06:46:12 Hosting environment: Development
INFO  06:46:12 Content root path: E:\Cognizant Post Joining\Smulation Project\FurnitureDetailsAPI\FurnitureDetailsAPI
INFO  06:46:12 Content root path: E:\Cognizant Post Joining\Smulation Project\FurnitureDetailsAPI\FurnitureDetailsAPI
INFO  06:50:01 All Items Displayed!
INFO  07:47:31 Application started. Press Ctrl+C to shut down.
INFO  07:47:31 Application started. Press Ctrl+C to shut down.
INFO  07:47:31 Hosting environment: Development
INFO  07:47:31 Hosting environment: Development
INFO  07:47:31 Content root path: E:\Cognizant Post Joining\Smulation Project\FurnitureDetailsAPI\FurnitureDetailsAPI
INFO  07:47:31 Content root path: E:\Cognizant Post Joining\Smulation Project\FurnitureDetailsAPI\FurnitureDetailsAPI
INFO  07:47:33 All Items Displayed!
INFO  07:49:14 Get by id is called!
INFO  07:49:29 Data of the id returned!
INFO  07:57:32 All Items Displayed!
INFO  07:57:57 Get by id is called!
INFO  07:58:07 Data of the id returned!
INFO  08:18:11 All Items Displayed!
INFO  08:18:26 Get by id is called!
INFO  08:18:29 Data of the id returned!
INFO  08:24:22 All Items Displayed!
INFO  08:24:37 Get by id is called!
INFO  08:24:44 Data of the id returned!
