INFO  09:57:31 Application started. Press Ctrl+C to shut down.
INFO  09:57:32 Application started. Press Ctrl+C to shut down.
INFO  09:57:32 Hosting environment: Development
INFO  09:57:32 Hosting environment: Development
INFO  09:57:32 Content root path: E:\Cognizant Post Joining\Smulation Project\FurnitureRentingClientMVC\FurnitureRentingClientMVC
INFO  09:57:32 Content root path: E:\Cognizant Post Joining\Smulation Project\FurnitureRentingClientMVC\FurnitureRentingClientMVC
INFO  09:57:33 Login page displayed
INFO  06:48:55 Application started. Press Ctrl+C to shut down.
INFO  06:48:55 Application started. Press Ctrl+C to shut down.
INFO  06:48:55 Hosting environment: Development
INFO  06:48:55 Hosting environment: Development
INFO  06:48:55 Content root path: E:\Cognizant Post Joining\Smulation Project\FurnitureRentingClientMVC\FurnitureRentingClientMVC
INFO  06:48:55 Content root path: E:\Cognizant Post Joining\Smulation Project\FurnitureRentingClientMVC\FurnitureRentingClientMVC
INFO  06:48:56 Login page displayed
INFO  06:49:14 Post Login is called
INFO  06:50:00 List of furnitures displayed
INFO  06:50:52 Booking method called
INFO  07:56:34 Application started. Press Ctrl+C to shut down.
INFO  07:56:34 Application started. Press Ctrl+C to shut down.
INFO  07:56:34 Hosting environment: Development
INFO  07:56:34 Hosting environment: Development
INFO  07:56:34 Content root path: E:\Cognizant Post Joining\Smulation Project\FurnitureRentingClientMVC\FurnitureRentingClientMVC
INFO  07:56:34 Content root path: E:\Cognizant Post Joining\Smulation Project\FurnitureRentingClientMVC\FurnitureRentingClientMVC
INFO  07:56:44 Login page displayed
INFO  07:57:21 Post Login is called
INFO  07:57:32 List of furnitures displayed
INFO  07:57:43 Booking method called
INFO  07:58:57 Bill Addition 
INFO  07:59:25 Bill Displayed
INFO  08:07:58 Bill Displayed
INFO  08:16:58 Application started. Press Ctrl+C to shut down.
INFO  08:16:58 Application started. Press Ctrl+C to shut down.
INFO  08:16:58 Hosting environment: Development
INFO  08:16:58 Hosting environment: Development
INFO  08:16:58 Content root path: E:\Cognizant Post Joining\Smulation Project\FurnitureRentingClientMVC\FurnitureRentingClientMVC
INFO  08:16:58 Content root path: E:\Cognizant Post Joining\Smulation Project\FurnitureRentingClientMVC\FurnitureRentingClientMVC
INFO  08:17:44 Login page displayed
INFO  08:18:00 Post Login is called
INFO  08:18:11 List of furnitures displayed
INFO  08:18:20 Booking method called
INFO  08:18:30 Bill Addition 
INFO  08:18:36 Bill Displayed
INFO  08:20:35 Application started. Press Ctrl+C to shut down.
INFO  08:20:35 Application started. Press Ctrl+C to shut down.
INFO  08:20:35 Hosting environment: Development
INFO  08:20:35 Hosting environment: Development
INFO  08:20:35 Content root path: E:\Cognizant Post Joining\Smulation Project\FurnitureRentingClientMVC\FurnitureRentingClientMVC
INFO  08:20:35 Content root path: E:\Cognizant Post Joining\Smulation Project\FurnitureRentingClientMVC\FurnitureRentingClientMVC
INFO  08:21:03 Login page displayed
INFO  08:21:19 Post Login is called
INFO  08:23:47 Application started. Press Ctrl+C to shut down.
INFO  08:23:47 Application started. Press Ctrl+C to shut down.
INFO  08:23:47 Hosting environment: Development
INFO  08:23:47 Hosting environment: Development
INFO  08:23:47 Content root path: E:\Cognizant Post Joining\Smulation Project\FurnitureRentingClientMVC\FurnitureRentingClientMVC
INFO  08:23:47 Content root path: E:\Cognizant Post Joining\Smulation Project\FurnitureRentingClientMVC\FurnitureRentingClientMVC
INFO  08:23:47 Login page displayed
INFO  08:24:20 Post Login is called
INFO  08:24:22 List of furnitures displayed
INFO  08:24:30 Booking method called
INFO  08:24:47 Bill Addition 
INFO  08:24:47 Bill Displayed
INFO  08:26:16 Bill Displayed
